Trying to load module: python/3.11.8
Using interpreter: /sw/ubuntu22/generic/python/3.11.8_dir/bin/python3
Preparing virtual environment at .venv
Requirement already satisfied: pip in ./.venv/lib/python3.11/site-packages (24.0)
Collecting pip
  Using cached pip-26.0.1-py3-none-any.whl.metadata (4.7 kB)
Using cached pip-26.0.1-py3-none-any.whl (1.8 MB)
Installing collected packages: pip
  Attempting uninstall: pip
    Found existing installation: pip 24.0
    Uninstalling pip-24.0:
      Successfully uninstalled pip-24.0
Successfully installed pip-26.0.1
Collecting torch (from -r requirements.txt (line 1))
  Using cached torch-2.11.0-cp311-cp311-manylinux_2_28_x86_64.whl.metadata (29 kB)
Collecting torchvision (from -r requirements.txt (line 2))
  Using cached torchvision-0.26.0-cp311-cp311-manylinux_2_28_x86_64.whl.metadata (5.5 kB)
Collecting pennylane (from -r requirements.txt (line 3))
  Using cached pennylane-0.44.1-py3-none-any.whl.metadata (12 kB)
Collecting matplotlib (from -r requirements.txt (line 4))
  Using cached matplotlib-3.10.8-cp311-cp311-manylinux2014_x86_64.manylinux_2_17_x86_64.whl.metadata (52 kB)
Collecting numpy (from -r requirements.txt (line 5))
  Using cached numpy-2.4.3-cp311-cp311-manylinux_2_27_x86_64.manylinux_2_28_x86_64.whl.metadata (6.6 kB)
Collecting filelock (from torch->-r requirements.txt (line 1))
  Using cached filelock-3.25.2-py3-none-any.whl.metadata (2.0 kB)
Collecting typing-extensions>=4.10.0 (from torch->-r requirements.txt (line 1))
  Using cached typing_extensions-4.15.0-py3-none-any.whl.metadata (3.3 kB)
Requirement already satisfied: setuptools<82 in ./.venv/lib/python3.11/site-packages (from torch->-r requirements.txt (line 1)) (65.5.0)
Collecting sympy>=1.13.3 (from torch->-r requirements.txt (line 1))
  Using cached sympy-1.14.0-py3-none-any.whl.metadata (12 kB)
Collecting networkx>=2.5.1 (from torch->-r requirements.txt (line 1))
  Using cached networkx-3.6.1-py3-none-any.whl.metadata (6.8 kB)
Collecting jinja2 (from torch->-r requirements.txt (line 1))
  Using cached jinja2-3.1.6-py3-none-any.whl.metadata (2.9 kB)
Collecting fsspec>=0.8.5 (from torch->-r requirements.txt (line 1))
  Downloading fsspec-2026.3.0-py3-none-any.whl.metadata (10 kB)
Collecting cuda-toolkit==13.0.2 (from cuda-toolkit[cublas,cudart,cufft,cufile,cupti,curand,cusolver,cusparse,nvjitlink,nvrtc,nvtx]==13.0.2; platform_system == "Linux"->torch->-r requirements.txt (line 1))
  Using cached cuda_toolkit-13.0.2-py2.py3-none-any.whl.metadata (9.4 kB)
Collecting cuda-bindings<14,>=13.0.3 (from torch->-r requirements.txt (line 1))
  Using cached cuda_bindings-13.2.0-cp311-cp311-manylinux_2_24_x86_64.manylinux_2_28_x86_64.whl.metadata (2.3 kB)
Collecting nvidia-cudnn-cu13==9.19.0.56 (from torch->-r requirements.txt (line 1))
  Using cached nvidia_cudnn_cu13-9.19.0.56-py3-none-manylinux_2_27_x86_64.whl.metadata (1.9 kB)
Collecting nvidia-cusparselt-cu13==0.8.0 (from torch->-r requirements.txt (line 1))
  Using cached nvidia_cusparselt_cu13-0.8.0-py3-none-manylinux2014_x86_64.whl.metadata (12 kB)
Collecting nvidia-nccl-cu13==2.28.9 (from torch->-r requirements.txt (line 1))
  Using cached nvidia_nccl_cu13-2.28.9-py3-none-manylinux_2_18_x86_64.whl.metadata (2.0 kB)
Collecting nvidia-nvshmem-cu13==3.4.5 (from torch->-r requirements.txt (line 1))
  Using cached nvidia_nvshmem_cu13-3.4.5-py3-none-manylinux2014_x86_64.manylinux_2_17_x86_64.whl.metadata (2.1 kB)
Collecting triton==3.6.0 (from torch->-r requirements.txt (line 1))
  Using cached triton-3.6.0-cp311-cp311-manylinux_2_27_x86_64.manylinux_2_28_x86_64.whl.metadata (1.7 kB)
Collecting nvidia-cublas==13.1.0.3.* (from cuda-toolkit[cublas,cudart,cufft,cufile,cupti,curand,cusolver,cusparse,nvjitlink,nvrtc,nvtx]==13.0.2; platform_system == "Linux"->torch->-r requirements.txt (line 1))
  Using cached nvidia_cublas-13.1.0.3-py3-none-manylinux_2_27_x86_64.whl.metadata (1.7 kB)
Collecting nvidia-cuda-runtime==13.0.96.* (from cuda-toolkit[cublas,cudart,cufft,cufile,cupti,curand,cusolver,cusparse,nvjitlink,nvrtc,nvtx]==13.0.2; platform_system == "Linux"->torch->-r requirements.txt (line 1))
  Using cached nvidia_cuda_runtime-13.0.96-py3-none-manylinux2014_x86_64.manylinux_2_17_x86_64.whl.metadata (1.7 kB)
Collecting nvidia-cufft==12.0.0.61.* (from cuda-toolkit[cublas,cudart,cufft,cufile,cupti,curand,cusolver,cusparse,nvjitlink,nvrtc,nvtx]==13.0.2; platform_system == "Linux"->torch->-r requirements.txt (line 1))
  Using cached nvidia_cufft-12.0.0.61-py3-none-manylinux2014_x86_64.manylinux_2_17_x86_64.whl.metadata (1.8 kB)
Collecting nvidia-cufile==1.15.1.6.* (from cuda-toolkit[cublas,cudart,cufft,cufile,cupti,curand,cusolver,cusparse,nvjitlink,nvrtc,nvtx]==13.0.2; platform_system == "Linux"->torch->-r requirements.txt (line 1))
  Using cached nvidia_cufile-1.15.1.6-py3-none-manylinux2014_x86_64.manylinux_2_17_x86_64.whl.metadata (1.7 kB)
Collecting nvidia-cuda-cupti==13.0.85.* (from cuda-toolkit[cublas,cudart,cufft,cufile,cupti,curand,cusolver,cusparse,nvjitlink,nvrtc,nvtx]==13.0.2; platform_system == "Linux"->torch->-r requirements.txt (line 1))
  Using cached nvidia_cuda_cupti-13.0.85-py3-none-manylinux_2_25_x86_64.whl.metadata (1.7 kB)
Collecting nvidia-curand==10.4.0.35.* (from cuda-toolkit[cublas,cudart,cufft,cufile,cupti,curand,cusolver,cusparse,nvjitlink,nvrtc,nvtx]==13.0.2; platform_system == "Linux"->torch->-r requirements.txt (line 1))
  Using cached nvidia_curand-10.4.0.35-py3-none-manylinux_2_27_x86_64.whl.metadata (1.7 kB)
Collecting nvidia-cusolver==12.0.4.66.* (from cuda-toolkit[cublas,cudart,cufft,cufile,cupti,curand,cusolver,cusparse,nvjitlink,nvrtc,nvtx]==13.0.2; platform_system == "Linux"->torch->-r requirements.txt (line 1))
  Using cached nvidia_cusolver-12.0.4.66-py3-none-manylinux_2_27_x86_64.whl.metadata (1.8 kB)
Collecting nvidia-cusparse==12.6.3.3.* (from cuda-toolkit[cublas,cudart,cufft,cufile,cupti,curand,cusolver,cusparse,nvjitlink,nvrtc,nvtx]==13.0.2; platform_system == "Linux"->torch->-r requirements.txt (line 1))
  Using cached nvidia_cusparse-12.6.3.3-py3-none-manylinux2014_x86_64.manylinux_2_17_x86_64.whl.metadata (1.8 kB)
Collecting nvidia-nvjitlink==13.0.88.* (from cuda-toolkit[cublas,cudart,cufft,cufile,cupti,curand,cusolver,cusparse,nvjitlink,nvrtc,nvtx]==13.0.2; platform_system == "Linux"->torch->-r requirements.txt (line 1))
  Using cached nvidia_nvjitlink-13.0.88-py3-none-manylinux2010_x86_64.manylinux_2_12_x86_64.whl.metadata (1.7 kB)
Collecting nvidia-cuda-nvrtc==13.0.88.* (from cuda-toolkit[cublas,cudart,cufft,cufile,cupti,curand,cusolver,cusparse,nvjitlink,nvrtc,nvtx]==13.0.2; platform_system == "Linux"->torch->-r requirements.txt (line 1))
  Using cached nvidia_cuda_nvrtc-13.0.88-py3-none-manylinux2010_x86_64.manylinux_2_12_x86_64.whl.metadata (1.7 kB)
Collecting nvidia-nvtx==13.0.85.* (from cuda-toolkit[cublas,cudart,cufft,cufile,cupti,curand,cusolver,cusparse,nvjitlink,nvrtc,nvtx]==13.0.2; platform_system == "Linux"->torch->-r requirements.txt (line 1))
  Using cached nvidia_nvtx-13.0.85-py3-none-manylinux1_x86_64.manylinux_2_5_x86_64.whl.metadata (1.8 kB)
Collecting cuda-pathfinder~=1.1 (from cuda-bindings<14,>=13.0.3->torch->-r requirements.txt (line 1))
  Using cached cuda_pathfinder-1.5.0-py3-none-any.whl.metadata (1.9 kB)
Collecting pillow!=8.3.*,>=5.3.0 (from torchvision->-r requirements.txt (line 2))
  Using cached pillow-12.1.1-cp311-cp311-manylinux_2_27_x86_64.manylinux_2_28_x86_64.whl.metadata (8.8 kB)
Collecting scipy (from pennylane->-r requirements.txt (line 3))
  Using cached scipy-1.17.1-cp311-cp311-manylinux_2_27_x86_64.manylinux_2_28_x86_64.whl.metadata (62 kB)
Collecting rustworkx>=0.14.0 (from pennylane->-r requirements.txt (line 3))
  Using cached rustworkx-0.17.1-cp39-abi3-manylinux_2_17_x86_64.manylinux2014_x86_64.whl.metadata (10 kB)
Collecting autograd (from pennylane->-r requirements.txt (line 3))
  Using cached autograd-1.8.0-py3-none-any.whl.metadata (7.5 kB)
Collecting appdirs (from pennylane->-r requirements.txt (line 3))
  Using cached appdirs-1.4.4-py2.py3-none-any.whl.metadata (9.0 kB)
Collecting autoray==0.8.2 (from pennylane->-r requirements.txt (line 3))
  Using cached autoray-0.8.2-py3-none-any.whl.metadata (6.1 kB)
Collecting cachetools (from pennylane->-r requirements.txt (line 3))
  Using cached cachetools-7.0.5-py3-none-any.whl.metadata (5.6 kB)
Collecting pennylane-lightning>=0.44 (from pennylane->-r requirements.txt (line 3))
  Using cached pennylane_lightning-0.44.0-cp311-cp311-manylinux_2_27_x86_64.manylinux_2_28_x86_64.whl.metadata (11 kB)
Collecting requests (from pennylane->-r requirements.txt (line 3))
  Using cached requests-2.33.0-py3-none-any.whl.metadata (5.1 kB)
Collecting tomlkit (from pennylane->-r requirements.txt (line 3))
  Using cached tomlkit-0.14.0-py3-none-any.whl.metadata (2.8 kB)
Collecting packaging (from pennylane->-r requirements.txt (line 3))
  Using cached packaging-26.0-py3-none-any.whl.metadata (3.3 kB)
Collecting diastatic-malt==2.15.2 (from pennylane->-r requirements.txt (line 3))
  Using cached diastatic_malt-2.15.2-py3-none-any.whl.metadata (2.6 kB)
Collecting gast (from pennylane->-r requirements.txt (line 3))
  Using cached gast-0.7.0-py3-none-any.whl.metadata (1.5 kB)
Collecting astunparse (from diastatic-malt==2.15.2->pennylane->-r requirements.txt (line 3))
  Using cached astunparse-1.6.3-py2.py3-none-any.whl.metadata (4.4 kB)
Collecting termcolor (from diastatic-malt==2.15.2->pennylane->-r requirements.txt (line 3))
  Using cached termcolor-3.3.0-py3-none-any.whl.metadata (6.5 kB)
Collecting contourpy>=1.0.1 (from matplotlib->-r requirements.txt (line 4))
  Using cached contourpy-1.3.3-cp311-cp311-manylinux_2_27_x86_64.manylinux_2_28_x86_64.whl.metadata (5.5 kB)
Collecting cycler>=0.10 (from matplotlib->-r requirements.txt (line 4))
  Using cached cycler-0.12.1-py3-none-any.whl.metadata (3.8 kB)
Collecting fonttools>=4.22.0 (from matplotlib->-r requirements.txt (line 4))
  Using cached fonttools-4.62.1-cp311-cp311-manylinux2014_x86_64.manylinux_2_17_x86_64.whl.metadata (117 kB)
Collecting kiwisolver>=1.3.1 (from matplotlib->-r requirements.txt (line 4))
  Using cached kiwisolver-1.5.0-cp311-cp311-manylinux2014_x86_64.manylinux_2_17_x86_64.whl.metadata (5.1 kB)
Collecting pyparsing>=3 (from matplotlib->-r requirements.txt (line 4))
  Using cached pyparsing-3.3.2-py3-none-any.whl.metadata (5.8 kB)
Collecting python-dateutil>=2.7 (from matplotlib->-r requirements.txt (line 4))
  Using cached python_dateutil-2.9.0.post0-py2.py3-none-any.whl.metadata (8.4 kB)
Collecting scipy-openblas32>=0.3.26 (from pennylane-lightning>=0.44->pennylane->-r requirements.txt (line 3))
  Using cached scipy_openblas32-0.3.31.188.0-py3-none-manylinux2014_x86_64.manylinux_2_17_x86_64.whl.metadata (57 kB)
Collecting six>=1.5 (from python-dateutil>=2.7->matplotlib->-r requirements.txt (line 4))
  Using cached six-1.17.0-py2.py3-none-any.whl.metadata (1.7 kB)
Collecting mpmath<1.4,>=1.1.0 (from sympy>=1.13.3->torch->-r requirements.txt (line 1))
  Using cached mpmath-1.3.0-py3-none-any.whl.metadata (8.6 kB)
Collecting wheel<1.0,>=0.23.0 (from astunparse->diastatic-malt==2.15.2->pennylane->-r requirements.txt (line 3))
  Using cached wheel-0.46.3-py3-none-any.whl.metadata (2.4 kB)
Collecting MarkupSafe>=2.0 (from jinja2->torch->-r requirements.txt (line 1))
  Using cached markupsafe-3.0.3-cp311-cp311-manylinux2014_x86_64.manylinux_2_17_x86_64.manylinux_2_28_x86_64.whl.metadata (2.7 kB)
Collecting charset_normalizer<4,>=2 (from requests->pennylane->-r requirements.txt (line 3))
  Using cached charset_normalizer-3.4.6-cp311-cp311-manylinux2014_x86_64.manylinux_2_17_x86_64.manylinux_2_28_x86_64.whl.metadata (40 kB)
Collecting idna<4,>=2.5 (from requests->pennylane->-r requirements.txt (line 3))
  Using cached idna-3.11-py3-none-any.whl.metadata (8.4 kB)
Collecting urllib3<3,>=1.26 (from requests->pennylane->-r requirements.txt (line 3))
  Using cached urllib3-2.6.3-py3-none-any.whl.metadata (6.9 kB)
Collecting certifi>=2023.5.7 (from requests->pennylane->-r requirements.txt (line 3))
  Using cached certifi-2026.2.25-py3-none-any.whl.metadata (2.5 kB)
Using cached torch-2.11.0-cp311-cp311-manylinux_2_28_x86_64.whl (530.6 MB)
Using cached cuda_toolkit-13.0.2-py2.py3-none-any.whl (2.4 kB)
Using cached nvidia_cudnn_cu13-9.19.0.56-py3-none-manylinux_2_27_x86_64.whl (366.1 MB)
Using cached nvidia_cusparselt_cu13-0.8.0-py3-none-manylinux2014_x86_64.whl (169.9 MB)
Using cached nvidia_nccl_cu13-2.28.9-py3-none-manylinux_2_18_x86_64.whl (196.5 MB)
Using cached nvidia_nvshmem_cu13-3.4.5-py3-none-manylinux2014_x86_64.manylinux_2_17_x86_64.whl (60.4 MB)
Using cached triton-3.6.0-cp311-cp311-manylinux_2_27_x86_64.manylinux_2_28_x86_64.whl (188.2 MB)
Using cached cuda_bindings-13.2.0-cp311-cp311-manylinux_2_24_x86_64.manylinux_2_28_x86_64.whl (6.3 MB)
Using cached cuda_pathfinder-1.5.0-py3-none-any.whl (49 kB)
Using cached nvidia_cublas-13.1.0.3-py3-none-manylinux_2_27_x86_64.whl (423.1 MB)
Using cached nvidia_cuda_cupti-13.0.85-py3-none-manylinux_2_25_x86_64.whl (10.7 MB)
Using cached nvidia_cuda_nvrtc-13.0.88-py3-none-manylinux2010_x86_64.manylinux_2_12_x86_64.whl (90.2 MB)
Using cached nvidia_cuda_runtime-13.0.96-py3-none-manylinux2014_x86_64.manylinux_2_17_x86_64.whl (2.2 MB)
Using cached nvidia_cufft-12.0.0.61-py3-none-manylinux2014_x86_64.manylinux_2_17_x86_64.whl (214.1 MB)
Using cached nvidia_cufile-1.15.1.6-py3-none-manylinux2014_x86_64.manylinux_2_17_x86_64.whl (1.2 MB)
Using cached nvidia_curand-10.4.0.35-py3-none-manylinux_2_27_x86_64.whl (59.5 MB)
Using cached nvidia_cusolver-12.0.4.66-py3-none-manylinux_2_27_x86_64.whl (200.9 MB)
Using cached nvidia_cusparse-12.6.3.3-py3-none-manylinux2014_x86_64.manylinux_2_17_x86_64.whl (145.9 MB)
Using cached nvidia_nvjitlink-13.0.88-py3-none-manylinux2010_x86_64.manylinux_2_12_x86_64.whl (40.7 MB)
Using cached nvidia_nvtx-13.0.85-py3-none-manylinux1_x86_64.manylinux_2_5_x86_64.whl (148 kB)
Using cached torchvision-0.26.0-cp311-cp311-manylinux_2_28_x86_64.whl (7.5 MB)
Using cached pennylane-0.44.1-py3-none-any.whl (5.3 MB)
Using cached autoray-0.8.2-py3-none-any.whl (935 kB)
Using cached diastatic_malt-2.15.2-py3-none-any.whl (167 kB)
Using cached matplotlib-3.10.8-cp311-cp311-manylinux2014_x86_64.manylinux_2_17_x86_64.whl (8.7 MB)
Using cached numpy-2.4.3-cp311-cp311-manylinux_2_27_x86_64.manylinux_2_28_x86_64.whl (16.9 MB)
Using cached contourpy-1.3.3-cp311-cp311-manylinux_2_27_x86_64.manylinux_2_28_x86_64.whl (355 kB)
Using cached cycler-0.12.1-py3-none-any.whl (8.3 kB)
Using cached fonttools-4.62.1-cp311-cp311-manylinux2014_x86_64.manylinux_2_17_x86_64.whl (5.1 MB)
Downloading fsspec-2026.3.0-py3-none-any.whl (202 kB)
Using cached kiwisolver-1.5.0-cp311-cp311-manylinux2014_x86_64.manylinux_2_17_x86_64.whl (1.4 MB)
Using cached networkx-3.6.1-py3-none-any.whl (2.1 MB)
Using cached packaging-26.0-py3-none-any.whl (74 kB)
Using cached pennylane_lightning-0.44.0-cp311-cp311-manylinux_2_27_x86_64.manylinux_2_28_x86_64.whl (2.5 MB)
Using cached pillow-12.1.1-cp311-cp311-manylinux_2_27_x86_64.manylinux_2_28_x86_64.whl (7.0 MB)
Using cached pyparsing-3.3.2-py3-none-any.whl (122 kB)
Using cached python_dateutil-2.9.0.post0-py2.py3-none-any.whl (229 kB)
Using cached rustworkx-0.17.1-cp39-abi3-manylinux_2_17_x86_64.manylinux2014_x86_64.whl (2.2 MB)
Using cached scipy_openblas32-0.3.31.188.0-py3-none-manylinux2014_x86_64.manylinux_2_17_x86_64.whl (8.9 MB)
Using cached six-1.17.0-py2.py3-none-any.whl (11 kB)
Using cached sympy-1.14.0-py3-none-any.whl (6.3 MB)
Using cached mpmath-1.3.0-py3-none-any.whl (536 kB)
Using cached typing_extensions-4.15.0-py3-none-any.whl (44 kB)
Using cached appdirs-1.4.4-py2.py3-none-any.whl (9.6 kB)
Using cached astunparse-1.6.3-py2.py3-none-any.whl (12 kB)
Using cached wheel-0.46.3-py3-none-any.whl (30 kB)
Using cached autograd-1.8.0-py3-none-any.whl (51 kB)
Using cached cachetools-7.0.5-py3-none-any.whl (13 kB)
Using cached filelock-3.25.2-py3-none-any.whl (26 kB)
Using cached gast-0.7.0-py3-none-any.whl (22 kB)
Using cached jinja2-3.1.6-py3-none-any.whl (134 kB)
Using cached markupsafe-3.0.3-cp311-cp311-manylinux2014_x86_64.manylinux_2_17_x86_64.manylinux_2_28_x86_64.whl (22 kB)
Using cached requests-2.33.0-py3-none-any.whl (65 kB)
Using cached charset_normalizer-3.4.6-cp311-cp311-manylinux2014_x86_64.manylinux_2_17_x86_64.manylinux_2_28_x86_64.whl (204 kB)
Using cached idna-3.11-py3-none-any.whl (71 kB)
Using cached urllib3-2.6.3-py3-none-any.whl (131 kB)
Using cached certifi-2026.2.25-py3-none-any.whl (153 kB)
Using cached scipy-1.17.1-cp311-cp311-manylinux_2_27_x86_64.manylinux_2_28_x86_64.whl (35.3 MB)
Using cached termcolor-3.3.0-py3-none-any.whl (7.7 kB)
Using cached tomlkit-0.14.0-py3-none-any.whl (39 kB)
Installing collected packages: nvidia-cusparselt-cu13, mpmath, cuda-toolkit, appdirs, urllib3, typing-extensions, triton, tomlkit, termcolor, sympy, six, scipy-openblas32, pyparsing, pillow, packaging, nvidia-nvtx, nvidia-nvshmem-cu13, nvidia-nvjitlink, nvidia-nccl-cu13, nvidia-curand, nvidia-cufile, nvidia-cuda-runtime, nvidia-cuda-nvrtc, nvidia-cuda-cupti, nvidia-cublas, numpy, networkx, MarkupSafe, kiwisolver, idna, gast, fsspec, fonttools, filelock, cycler, cuda-pathfinder, charset_normalizer, certifi, cachetools, autoray, wheel, scipy, rustworkx, requests, python-dateutil, nvidia-cusparse, nvidia-cufft, nvidia-cudnn-cu13, jinja2, cuda-bindings, contourpy, autograd, nvidia-cusolver, matplotlib, astunparse, diastatic-malt, torch, torchvision, pennylane-lightning, pennylane

Successfully installed MarkupSafe-3.0.3 appdirs-1.4.4 astunparse-1.6.3 autograd-1.8.0 autoray-0.8.2 cachetools-7.0.5 certifi-2026.2.25 charset_normalizer-3.4.6 contourpy-1.3.3 cuda-bindings-13.2.0 cuda-pathfinder-1.5.0 cuda-toolkit-13.0.2 cycler-0.12.1 diastatic-malt-2.15.2 filelock-3.25.2 fonttools-4.62.1 fsspec-2026.3.0 gast-0.7.0 idna-3.11 jinja2-3.1.6 kiwisolver-1.5.0 matplotlib-3.10.8 mpmath-1.3.0 networkx-3.6.1 numpy-2.4.3 nvidia-cublas-13.1.0.3 nvidia-cuda-cupti-13.0.85 nvidia-cuda-nvrtc-13.0.88 nvidia-cuda-runtime-13.0.96 nvidia-cudnn-cu13-9.19.0.56 nvidia-cufft-12.0.0.61 nvidia-cufile-1.15.1.6 nvidia-curand-10.4.0.35 nvidia-cusolver-12.0.4.66 nvidia-cusparse-12.6.3.3 nvidia-cusparselt-cu13-0.8.0 nvidia-nccl-cu13-2.28.9 nvidia-nvjitlink-13.0.88 nvidia-nvshmem-cu13-3.4.5 nvidia-nvtx-13.0.85 packaging-26.0 pennylane-0.44.1 pennylane-lightning-0.44.0 pillow-12.1.1 pyparsing-3.3.2 python-dateutil-2.9.0.post0 requests-2.33.0 rustworkx-0.17.1 scipy-1.17.1 scipy-openblas32-0.3.31.188.0 six-1.17.0 sympy-1.14.0 termcolor-3.3.0 tomlkit-0.14.0 torch-2.11.0 torchvision-0.26.0 triton-3.6.0 typing-extensions-4.15.0 urllib3-2.6.3 wheel-0.46.3
Environment OK
setup_env completed successfully
